<?xml version="1.0" encoding="UTF-8"?>
<!-- Generated by org.testng.reporters.JUnitReportReporter -->
<testsuite hostname="DESKTOP-6DLUD7O" failures="0" tests="8" name="Tests.MakeOrderTest" time="23.656" errors="0" timestamp="2020-12-27T17:46:05 EET" skipped="0">
  <testcase classname="Tests.MakeOrderTest" name="HomePage" time="1.477"/>
  <system-out/>
  <testcase classname="Tests.MakeOrderTest" name="Signup" time="0.832"/>
  <system-out/>
  <testcase classname="Tests.MakeOrderTest" name="CreateAccount" time="5.145"/>
  <system-out/>
  <testcase classname="Tests.MakeOrderTest" name="NavigateToSubCategory" time="2.488"/>
  <system-out/>
  <testcase classname="Tests.MakeOrderTest" name="NavigateToCart" time="2.795"/>
  <system-out/>
  <testcase classname="Tests.MakeOrderTest" name="ProceedToCheckOut" time="5.762"/>
  <system-out/>
  <testcase classname="Tests.MakeOrderTest" name="payment" time="3.523"/>
  <system-out/>
  <testcase classname="Tests.MakeOrderTest" name="Confirm_OrderPlaced" time="1.634"/>
  <system-out/>
</testsuite> <!-- Tests.MakeOrderTest -->
